
Copyright (C) 1994-2021 Synopsys, Inc.
This Synopsys software and all associated documentation are proprietary to Synopsys, Inc.
and may only be used pursuant to the terms and conditions of a written license agreement
with Synopsys, Inc. All other use, reproduction, modification, or distribution of the
Synopsys software or the associated documentation is strictly prohibited.
Tool: HAPS (R) ProtoCompiler 100
Build: R-2020.12-SP1-1
Install: /usr/cadtool/csr5306/synopsys/protocomp/R-2020.12-SP1-1
OS: CentOS release 6.10 (Final)
Hostname: ws32
max virtual memory: unlimited (bytes)
max user processes: 1024
max stack size: 10485760 (bytes)


Database state : /home/m110/m110063541/synos/Lab1_PCflow/UC_LED_DEMO/|pa0
Synopsys Partitioner, Version map202012pcp4, Build 193R, Built Apr  8 2022 21:27:09, @4216327

##############################################################################
########################## TDM QUALIFIED NETS ##########################
##############################################################################
TDM Qualification type: all
Qualified Nets  Source FPGA  Sink FPGA(s)  Sink Instance  Driver Instance  Source Clock  Dest Clock  Clock Group      Slack    
-----------------------------------------------------------------------------------------------------------------------------
out[4]          FB1.uA       FB1.uB        C[5:0].C[1]    D[31:0].D[26]    System:r      System:r    system_clkgroup  998.302  
out[5]          FB1.uA       FB1.uB        C[5:0].C[4]    D[31:0].D[26]    System:r      System:r    system_clkgroup  998.189  
out[6]          FB1.uA       FB1.uB        C[5:0].C[4]    D[31:0].D[24]    System:r      System:r    system_clkgroup  998.896  
out[0]          FB1.uA       FB1.uB        C[5:0].C[1]    D[31:0].D[30]    System:r      System:r    system_clkgroup  998.302  
out[1]          FB1.uA       FB1.uB        C[5:0].C[4]    D[31:0].D[30]    System:r      System:r    system_clkgroup  998.189  
out[2]          FB1.uA       FB1.uB        C[5:0].C[4]    D[31:0].D[28]    System:r      System:r    system_clkgroup  998.896  
out[12]         FB1.uA       FB1.uB        C[5:0].C[1]    D[31:0].D[18]    System:r      System:r    system_clkgroup  998.302  
out[13]         FB1.uA       FB1.uB        C[5:0].C[4]    D[31:0].D[18]    System:r      System:r    system_clkgroup  998.189  
out[14]         FB1.uA       FB1.uB        C[5:0].C[4]    D[31:0].D[16]    System:r      System:r    system_clkgroup  998.896  
out[8]          FB1.uA       FB1.uB        C[5:0].C[1]    D[31:0].D[22]    System:r      System:r    system_clkgroup  998.302  
out[9]          FB1.uA       FB1.uB        C[5:0].C[4]    D[31:0].D[22]    System:r      System:r    system_clkgroup  998.189  
out[10]         FB1.uA       FB1.uB        C[5:0].C[4]    D[31:0].D[20]    System:r      System:r    system_clkgroup  998.896  
out[20]         FB1.uA       FB1.uB        C[5:0].C[1]    D[31:0].D[10]    System:r      System:r    system_clkgroup  998.302  
out[21]         FB1.uA       FB1.uB        C[5:0].C[4]    D[31:0].D[10]    System:r      System:r    system_clkgroup  998.189  
out[22]         FB1.uA       FB1.uB        C[5:0].C[4]    D[31:0].D[8]     System:r      System:r    system_clkgroup  998.896  
out[16]         FB1.uA       FB1.uB        C[5:0].C[1]    D[31:0].D[14]    System:r      System:r    system_clkgroup  998.302  
out[17]         FB1.uA       FB1.uB        C[5:0].C[4]    D[31:0].D[14]    System:r      System:r    system_clkgroup  998.189  
out[18]         FB1.uA       FB1.uB        C[5:0].C[4]    D[31:0].D[12]    System:r      System:r    system_clkgroup  998.896  
out[28]         FB1.uA       FB1.uB        C[5:0].C[1]    D[31:0].D[2]     System:r      System:r    system_clkgroup  998.302  
out[29]         FB1.uA       FB1.uB        C[5:0].C[4]    D[31:0].D[2]     System:r      System:r    system_clkgroup  998.189  
out[30]         FB1.uA       FB1.uB        C[5:0].C[4]    D[31:0].D[0]     System:r      System:r    system_clkgroup  998.896  
out[24]         FB1.uA       FB1.uB        C[5:0].C[1]    D[31:0].D[6]     System:r      System:r    system_clkgroup  998.302  
out[25]         FB1.uA       FB1.uB        C[5:0].C[4]    D[31:0].D[6]     System:r      System:r    system_clkgroup  998.189  
out[26]         FB1.uA       FB1.uB        C[5:0].C[4]    D[31:0].D[4]     System:r      System:r    system_clkgroup  998.896  
=============================================================================================================================
